0 info it worked if it ends with ok
1 verbose cli [ '/Users/xiongweilie/.nvm/versions/node/v4.2.6/bin/node',
1 verbose cli   '/Users/xiongweilie/.nvm/versions/node/v4.2.6/bin/npm',
1 verbose cli   'run',
1 verbose cli   'dev' ]
2 info using npm@3.5.3
3 info using node@v4.2.6
4 verbose stack Error: missing script: dev
4 verbose stack     at run (/Users/xiongweilie/.nvm/versions/node/v4.2.6/lib/node_modules/npm/lib/run-script.js:147:19)
4 verbose stack     at /Users/xiongweilie/.nvm/versions/node/v4.2.6/lib/node_modules/npm/lib/run-script.js:57:5
4 verbose stack     at /Users/xiongweilie/.nvm/versions/node/v4.2.6/lib/node_modules/npm/node_modules/read-package-json/read-json.js:345:5
4 verbose stack     at checkBinReferences_ (/Users/xiongweilie/.nvm/versions/node/v4.2.6/lib/node_modules/npm/node_modules/read-package-json/read-json.js:309:45)
4 verbose stack     at final (/Users/xiongweilie/.nvm/versions/node/v4.2.6/lib/node_modules/npm/node_modules/read-package-json/read-json.js:343:3)
4 verbose stack     at then (/Users/xiongweilie/.nvm/versions/node/v4.2.6/lib/node_modules/npm/node_modules/read-package-json/read-json.js:113:5)
4 verbose stack     at /Users/xiongweilie/.nvm/versions/node/v4.2.6/lib/node_modules/npm/node_modules/read-package-json/read-json.js:300:12
4 verbose stack     at /Users/xiongweilie/.nvm/versions/node/v4.2.6/lib/node_modules/npm/node_modules/graceful-fs/graceful-fs.js:76:16
4 verbose stack     at FSReqWrap.readFileAfterClose [as oncomplete] (fs.js:380:3)
5 verbose cwd /Users/xiongweilie/projects/github/lab
6 error Darwin 14.4.0
7 error argv "/Users/xiongweilie/.nvm/versions/node/v4.2.6/bin/node" "/Users/xiongweilie/.nvm/versions/node/v4.2.6/bin/npm" "run" "dev"
8 error node v4.2.6
9 error npm  v3.5.3
10 error missing script: dev
11 error If you need help, you may report this error at:
11 error     <https://github.com/npm/npm/issues>
12 verbose exit [ 1, true ]
